<?xml version="1.0" encoding="UTF-8"?>
<testsuite xmlns:xsi="http://www.w3.org/2001/XMLSchema-instance" xsi:noNamespaceSchemaLocation="https://maven.apache.org/surefire/maven-surefire-plugin/xsd/surefire-test-report-3.0.xsd" version="3.0" name="TestSuite" time="32.761" tests="4" errors="0" skipped="0" failures="1">
  <properties>
[...]
</properties>
  <testcase name="runScenario[&quot;Complete flow of product purchae&quot;, &quot;Search the product and add to cart complete flow for check out&quot;](1)" classname="cucumberOptions.TestNgTestRunner" time="18.91">
    <system-out><![CDATA[
@SearchProduct
Scenario Outline: Search product on page home page and offer page # src/test/java/features/searchProducts.feature:14

@SearchProduct
Scenario Outline: Search product on page home page and offer page # src/test/java/features/searchProducts.feature:13

@AddToCart
Scenario Outline: Complete flow of product purchae                       # src/test/java/features/addToCartProduct.feature:14

@SearchProduct
Scenario Outline: Search product on page home page and offer page # src/test/java/features/searchProducts.feature:12
  Given User landing on the product search page                          # stepDefinitions.LandingPageStepDefination.user_landing_on_the_product_search_page()
Search product name: Tomato
  When User search the product using Tom short name                      # stepDefinitions.LandingPageStepDefination.user_search_the_product_using_short_name(java.lang.String)
  Then User add 3 number of quantity and add product in cart             # stepDefinitions.LandingPageStepDefination.User_add_qty_number_of_quantity_and_add_product_in_cart(java.lang.String)
This is Check Out Page Product: Tomato
Search product and Check out page product match...!
  Then User procced to check out page and validate the Tom checkout page # stepDefinitions.CheckOutStepDefinations.user_procced_to_check_out_page_and_validate(java.lang.String)
  Then User ability to enter promocode and place order                   # stepDefinitions.CheckOutStepDefinations.user_ability_to_enter_promocode_and_place_order()
  Given User landing on the product search page                   # stepDefinitions.LandingPageStepDefination.user_landing_on_the_product_search_page()
  Given User landing on the product search page                   # stepDefinitions.LandingPageStepDefination.user_landing_on_the_product_search_page()
  Given User landing on the product search page                   # stepDefinitions.LandingPageStepDefination.user_landing_on_the_product_search_page()
]]></system-out>
    <system-err><![CDATA[SLF4J(W): No SLF4J providers were found.
SLF4J(W): Defaulting to no-operation (NOP) logger implementation
SLF4J(W): See https://www.slf4j.org/codes.html#noProviders for further details.
]]></system-err>
  </testcase>
  <testcase name="runScenario[&quot;Search product on page home page and offer page&quot;, &quot;Search the product and validate&quot;](2)" classname="cucumberOptions.TestNgTestRunner" time="29.309">
    <system-out><![CDATA[Search product name: Strawberry
  When User search the product using Stra short name              # stepDefinitions.LandingPageStepDefination.user_search_the_product_using_short_name(java.lang.String)
Search product name: Beetroot
  When User search the product using Beet short name              # stepDefinitions.LandingPageStepDefination.user_search_the_product_using_short_name(java.lang.String)
Search product name: Tomato
  When User search the product using Tom short name               # stepDefinitions.LandingPageStepDefination.user_search_the_product_using_short_name(java.lang.String)
  Then User search Stra product short name in offer page          # stepDefinitions.TopDealStepDefination.user_search_same_product_short_name_in_offer_page(java.lang.String)
  Then Validate landing page product with offer page product      # stepDefinitions.TopDealStepDefination.Validate_landing_page_product_with_offer_page_product()
  Then User search Beet product short name in offer page          # stepDefinitions.TopDealStepDefination.user_search_same_product_short_name_in_offer_page(java.lang.String)
  Then Validate landing page product with offer page product      # stepDefinitions.TopDealStepDefination.Validate_landing_page_product_with_offer_page_product()
      java.lang.AssertionError: expected [No data] but found [Beetroot]
      	at org.testng.Assert.fail(Assert.java:111)
      	at org.testng.Assert.failNotEquals(Assert.java:1590)
      	at org.testng.Assert.assertEqualsImpl(Assert.java:150)
      	at org.testng.Assert.assertEquals(Assert.java:132)
      	at org.testng.Assert.assertEquals(Assert.java:656)
      	at org.testng.Assert.assertEquals(Assert.java:666)
      	at stepDefinitions.TopDealStepDefination.Validate_landing_page_product_with_offer_page_product(TopDealStepDefination.java:45)
      	at ✽.Validate landing page product with offer page product(file:///D:/Eclipce%20Workspace/SeleniumCucumbarBDD_FrameWork/./src/test/java/features/searchProducts.feature:8)
  Then User search Tom product short name in offer page           # stepDefinitions.TopDealStepDefination.user_search_same_product_short_name_in_offer_page(java.lang.String)
  Then Validate landing page product with offer page product      # stepDefinitions.TopDealStepDefination.Validate_landing_page_product_with_offer_page_product()

    Embedding image [image/png 28925 bytes]

]]></system-out>
  </testcase>
  <testcase name="runScenario[&quot;Search product on page home page and offer page&quot;, &quot;Search the product and validate&quot;](3)" classname="cucumberOptions.TestNgTestRunner" time="29.319">
    <failure message="expected [No data] but found [Beetroot]" type="java.lang.AssertionError"><![CDATA[java.lang.AssertionError: expected [No data] but found [Beetroot]
	at org.testng.Assert.fail(Assert.java:111)
	at org.testng.Assert.failNotEquals(Assert.java:1590)
	at org.testng.Assert.assertEqualsImpl(Assert.java:150)
	at org.testng.Assert.assertEquals(Assert.java:132)
	at org.testng.Assert.assertEquals(Assert.java:656)
	at org.testng.Assert.assertEquals(Assert.java:666)
	at stepDefinitions.TopDealStepDefination.Validate_landing_page_product_with_offer_page_product(TopDealStepDefination.java:45)
	at ✽.Validate landing page product with offer page product(file:///D:/Eclipce%20Workspace/SeleniumCucumbarBDD_FrameWork/./src/test/java/features/searchProducts.feature:8)
]]></failure>
  </testcase>
  <testcase name="runScenario[&quot;Search product on page home page and offer page&quot;, &quot;Search the product and validate&quot;](4)" classname="cucumberOptions.TestNgTestRunner" time="29.383"/>
</testsuite>