<?xml version="1.0" encoding="UTF-8"?>
<testng-results ignored="0" total="4" passed="3" failed="1" skipped="0">
  <reporter-output>
  </reporter-output>
  <suite started-at="2025-06-18T16:07:14 IST" name="Default suite" finished-at="2025-06-18T16:08:17 IST" duration-ms="62897">
    <groups>
      <group name="cucumber">
        <method signature="AbstractTestNGCucumberTests.runScenario(io.cucumber.testng.PickleWrapper,io.cucumber.testng.FeatureWrapper)[pri:0, instance:cucumberOptions.TestNgTestRunner@32a68f4f]" name="runScenario" class="io.cucumber.testng.AbstractTestNGCucumberTests"/>
      </group> <!-- cucumber -->
    </groups>
    <test started-at="2025-06-18T16:07:14 IST" name="Default test" finished-at="2025-06-18T16:08:17 IST" duration-ms="62897">
      <class name="cucumberOptions.TestNgTestRunner">
        <test-method is-config="true" signature="setUpClass(org.testng.ITestContext)[pri:0, instance:cucumberOptions.TestNgTestRunner@32a68f4f]" started-at="2025-06-18T16:07:14 IST" name="setUpClass" finished-at="2025-06-18T16:07:15 IST" duration-ms="1084" status="PASS">
          <params>
            <param index="0">
              <value>
                <![CDATA[org.testng.TestRunner@1a1ccaaf]]>
              </value>
            </param>
          </params>
          <reporter-output>
          </reporter-output>
        </test-method> <!-- setUpClass -->
        <test-method signature="runScenario(io.cucumber.testng.PickleWrapper,io.cucumber.testng.FeatureWrapper)[pri:0, instance:cucumberOptions.TestNgTestRunner@32a68f4f]" started-at="2025-06-18T16:07:15 IST" name="runScenario" description="Runs Cucumber Scenarios" data-provider="scenarios" finished-at="2025-06-18T16:07:39 IST" duration-ms="24201" status="PASS">
          <params>
            <param index="0">
              <value>
                <![CDATA["Complete flow of product purchae"]]>
              </value>
            </param>
            <param index="1">
              <value>
                <![CDATA["Search the product and add to cart complete flow for check out"]]>
              </value>
            </param>
          </params>
          <reporter-output>
          </reporter-output>
        </test-method> <!-- runScenario -->
        <test-method signature="runScenario(io.cucumber.testng.PickleWrapper,io.cucumber.testng.FeatureWrapper)[pri:0, instance:cucumberOptions.TestNgTestRunner@32a68f4f]" started-at="2025-06-18T16:07:39 IST" name="runScenario" description="Runs Cucumber Scenarios" data-provider="scenarios" finished-at="2025-06-18T16:07:55 IST" duration-ms="15820" status="PASS">
          <params>
            <param index="0">
              <value>
                <![CDATA["Search product on page home page and offer page"]]>
              </value>
            </param>
            <param index="1">
              <value>
                <![CDATA["Search the product and validate"]]>
              </value>
            </param>
          </params>
          <reporter-output>
          </reporter-output>
        </test-method> <!-- runScenario -->
        <test-method signature="runScenario(io.cucumber.testng.PickleWrapper,io.cucumber.testng.FeatureWrapper)[pri:0, instance:cucumberOptions.TestNgTestRunner@32a68f4f]" started-at="2025-06-18T16:07:55 IST" name="runScenario" description="Runs Cucumber Scenarios" data-provider="scenarios" finished-at="2025-06-18T16:08:06 IST" duration-ms="10784" status="PASS">
          <params>
            <param index="0">
              <value>
                <![CDATA["Search product on page home page and offer page"]]>
              </value>
            </param>
            <param index="1">
              <value>
                <![CDATA["Search the product and validate"]]>
              </value>
            </param>
          </params>
          <reporter-output>
          </reporter-output>
        </test-method> <!-- runScenario -->
        <test-method signature="runScenario(io.cucumber.testng.PickleWrapper,io.cucumber.testng.FeatureWrapper)[pri:0, instance:cucumberOptions.TestNgTestRunner@32a68f4f]" started-at="2025-06-18T16:08:06 IST" name="runScenario" description="Runs Cucumber Scenarios" data-provider="scenarios" finished-at="2025-06-18T16:08:17 IST" duration-ms="10856" status="FAIL">
          <params>
            <param index="0">
              <value>
                <![CDATA["Search product on page home page and offer page"]]>
              </value>
            </param>
            <param index="1">
              <value>
                <![CDATA["Search the product and validate"]]>
              </value>
            </param>
          </params>
          <exception class="java.lang.AssertionError">
            <message>
              <![CDATA[expected [No data] but found [Beetroot]]]>
            </message>
            <full-stacktrace>
              <![CDATA[java.lang.AssertionError: expected [No data] but found [Beetroot]
at org.testng.Assert.fail(Assert.java:111)
at org.testng.Assert.failNotEquals(Assert.java:1590)
at org.testng.Assert.assertEqualsImpl(Assert.java:150)
at org.testng.Assert.assertEquals(Assert.java:132)
at org.testng.Assert.assertEquals(Assert.java:656)
at org.testng.Assert.assertEquals(Assert.java:666)
at stepDefinitions.TopDealStepDefination.Validate_landing_page_product_with_offer_page_product(TopDealStepDefination.java:45)
at ✽.Validate landing page product with offer page product(file:///D:/Eclipce%20Workspace/SeleniumCucumbarBDD_FrameWork/./src/test/java/features/searchProducts.feature:8)
]]>
            </full-stacktrace>
          </exception> <!-- java.lang.AssertionError -->
          <reporter-output>
          </reporter-output>
        </test-method> <!-- runScenario -->
        <test-method is-config="true" signature="tearDownClass()[pri:0, instance:cucumberOptions.TestNgTestRunner@32a68f4f]" started-at="2025-06-18T16:08:17 IST" name="tearDownClass" finished-at="2025-06-18T16:08:17 IST" duration-ms="49" status="PASS">
          <reporter-output>
          </reporter-output>
        </test-method> <!-- tearDownClass -->
      </class> <!-- cucumberOptions.TestNgTestRunner -->
    </test> <!-- Default test -->
  </suite> <!-- Default suite -->
</testng-results>
