<?xml version="1.0" encoding="UTF-8"?>
<!-- Generated by org.testng.reporters.JUnitReportReporter -->
<testsuite hostname="DESKTOP-EQ55Q8H" failures="1" tests="1" name="cucumberOptions.FailedTestRunner" time="13.601" errors="0" timestamp="2025-06-19T19:23:59 IST" skipped="0">
  <testcase classname="cucumberOptions.FailedTestRunner" name="runScenario" time="13.601">
    <failure message="expected [No data] but found [Beetroot]" type="java.lang.AssertionError">
      <![CDATA[java.lang.AssertionError: expected [No data] but found [Beetroot]
at org.testng.Assert.fail(Assert.java:111)
at org.testng.Assert.failNotEquals(Assert.java:1590)
at org.testng.Assert.assertEqualsImpl(Assert.java:150)
at org.testng.Assert.assertEquals(Assert.java:132)
at org.testng.Assert.assertEquals(Assert.java:656)
at org.testng.Assert.assertEquals(Assert.java:666)
at stepDefinitions.TopDealStepDefination.Validate_landing_page_product_with_offer_page_product(TopDealStepDefination.java:45)
at ✽.Validate landing page product with offer page product(file:///D:/Eclipce%20Workspace/SeleniumCucumbarBDD_FrameWork/src/test/java/features/searchProducts.feature:8)
]]>
    </failure>
  </testcase> <!-- runScenario -->
</testsuite> <!-- cucumberOptions.FailedTestRunner -->
