<?xml version="1.0" encoding="UTF-8"?>
<!-- Generated by org.testng.reporters.JUnitReportReporter -->
<testsuite hostname="DESKTOP-EQ55Q8H" failures="1" tests="4" name="cucumberOptions.TestNgTestRunner" time="61.661" errors="0" timestamp="2025-06-18T16:08:17 IST" skipped="0">
  <testcase classname="cucumberOptions.TestNgTestRunner" name="runScenario" time="10.856">
    <failure message="expected [No data] but found [Beetroot]" type="java.lang.AssertionError">
      <![CDATA[java.lang.AssertionError: expected [No data] but found [Beetroot]
at org.testng.Assert.fail(Assert.java:111)
at org.testng.Assert.failNotEquals(Assert.java:1590)
at org.testng.Assert.assertEqualsImpl(Assert.java:150)
at org.testng.Assert.assertEquals(Assert.java:132)
at org.testng.Assert.assertEquals(Assert.java:656)
at org.testng.Assert.assertEquals(Assert.java:666)
at stepDefinitions.TopDealStepDefination.Validate_landing_page_product_with_offer_page_product(TopDealStepDefination.java:45)
at ✽.Validate landing page product with offer page product(file:///D:/Eclipce%20Workspace/SeleniumCucumbarBDD_FrameWork/./src/test/java/features/searchProducts.feature:8)
]]>
    </failure>
  </testcase> <!-- runScenario -->
  <testcase classname="cucumberOptions.TestNgTestRunner" name="runScenario" time="15.820"/>
  <testcase classname="cucumberOptions.TestNgTestRunner" name="runScenario" time="10.784"/>
  <testcase classname="cucumberOptions.TestNgTestRunner" name="runScenario" time="24.201"/>
</testsuite> <!-- cucumberOptions.TestNgTestRunner -->
